c:\users\barto\desktop\frogger\debug\vc142.pdb
c:\users\barto\desktop\frogger\debug\vc142.idb
c:\users\barto\desktop\frogger\debug\frog.obj
c:\users\barto\desktop\frogger\debug\draw.obj
c:\users\barto\desktop\frogger\debug\main.obj
c:\users\barto\desktop\frogger\debug\game.obj
c:\users\barto\desktop\frogger\debug\car.obj
c:\users\barto\desktop\frogger\debug\scene.obj
c:\users\barto\desktop\frogger\debug\entity.obj
c:\users\barto\desktop\frogger\debug\base.obj
c:\users\barto\desktop\frogger\debug\wood.obj
c:\users\barto\desktop\frogger\debug\turtle.obj
c:\users\barto\desktop\frogger\debug\littlefrog.obj
c:\users\barto\desktop\frogger\debug\bee.obj
c:\users\barto\desktop\frogger\debug\basecrocodile.obj
c:\users\barto\desktop\frogger\debug\crocodile.obj
c:\users\barto\desktop\frogger\debug\szablon2vs19.exe
c:\users\barto\desktop\frogger\debug\szablon2vs19.ilk
c:\users\barto\desktop\frogger\debug\szablon2vs19.pdb
c:\users\barto\desktop\frogger\debug\szablon2vs19.tlog\cl.command.1.tlog
c:\users\barto\desktop\frogger\debug\szablon2vs19.tlog\cl.read.1.tlog
c:\users\barto\desktop\frogger\debug\szablon2vs19.tlog\cl.write.1.tlog
c:\users\barto\desktop\frogger\debug\szablon2vs19.tlog\link.command.1.tlog
c:\users\barto\desktop\frogger\debug\szablon2vs19.tlog\link.read.1.tlog
c:\users\barto\desktop\frogger\debug\szablon2vs19.tlog\link.write.1.tlog
