  Game.cpp
C:\Users\barto\Desktop\Frogger\src\Game.cpp(49,1): warning C4996: 'fopen': This function or variable may be unsafe. Consider using fopen_s instead. To disable deprecation, use _CRT_SECURE_NO_WARNINGS. See online help for details.
C:\Program Files (x86)\Windows Kits\10\Include\10.0.18362.0\ucrt\stdio.h(208): message : see declaration of 'fopen'
C:\Users\barto\Desktop\Frogger\src\Game.cpp(53,1): warning C4996: 'fscanf': This function or variable may be unsafe. Consider using fscanf_s instead. To disable deprecation, use _CRT_SECURE_NO_WARNINGS. See online help for details.
C:\Program Files (x86)\Windows Kits\10\Include\10.0.18362.0\ucrt\stdio.h(1197): message : see declaration of 'fscanf'
C:\Users\barto\Desktop\Frogger\src\Game.cpp(117,25): warning C4244: 'argument': conversion from 'double' to 'int', possible loss of data
C:\Users\barto\Desktop\Frogger\src\Game.cpp(186,58): warning C4554: '&': check operator precedence for possible error; use parentheses to clarify precedence
C:\Users\barto\Desktop\Frogger\src\Game.cpp(213,14): warning C4244: 'argument': conversion from 'double' to 'int', possible loss of data
C:\Users\barto\Desktop\Frogger\src\Game.cpp(216,28): warning C4244: 'argument': conversion from 'double' to 'int', possible loss of data
C:\Users\barto\Desktop\Frogger\src\Game.cpp(258,1): warning C4996: 'fopen': This function or variable may be unsafe. Consider using fopen_s instead. To disable deprecation, use _CRT_SECURE_NO_WARNINGS. See online help for details.
C:\Program Files (x86)\Windows Kits\10\Include\10.0.18362.0\ucrt\stdio.h(208): message : see declaration of 'fopen'
C:\Users\barto\Desktop\Frogger\src\Game.cpp(272,1): warning C4996: 'fscanf': This function or variable may be unsafe. Consider using fscanf_s instead. To disable deprecation, use _CRT_SECURE_NO_WARNINGS. See online help for details.
C:\Program Files (x86)\Windows Kits\10\Include\10.0.18362.0\ucrt\stdio.h(1197): message : see declaration of 'fscanf'
C:\Users\barto\Desktop\Frogger\src\Game.cpp(293,1): warning C4996: 'fopen': This function or variable may be unsafe. Consider using fopen_s instead. To disable deprecation, use _CRT_SECURE_NO_WARNINGS. See online help for details.
  main.cpp
C:\Program Files (x86)\Windows Kits\10\Include\10.0.18362.0\ucrt\stdio.h(208): message : see declaration of 'fopen'
C:\Users\barto\Desktop\Frogger\src\main.cpp(17,12): warning C4244: 'argument': conversion from 'time_t' to 'unsigned int', possible loss of data
C:\Users\barto\Desktop\Frogger\src\main.cpp(155,52): warning C4554: '&': check operator precedence for possible error; use parentheses to clarify precedence
C:\Users\barto\Desktop\Frogger\src\main.cpp(10,26): warning C4101: 'distance': unreferenced local variable
C:\Users\barto\Desktop\Frogger\src\main.cpp(12,15): warning C4101: 'screen': unreferenced local variable
  Generating Code...
C:\Users\barto\Desktop\Frogger\src\main.cpp(13,15): warning C4101: 'scrtex': unreferenced local variable
  szablon2vs19.vcxproj -> C:\Users\barto\Desktop\Frogger\Debug\szablon2vs19.exe
